[GIN-VUE-ADMIN]2022/10/04 - 10:42:11.924	[34minfo[0m	register table success
[GIN-VUE-ADMIN]2022/10/04 - 10:42:11.933	[34minfo[0m	use middleware logger
[GIN-VUE-ADMIN]2022/10/04 - 10:42:11.933	[34minfo[0m	use middleware cors
[GIN-VUE-ADMIN]2022/10/04 - 10:42:11.933	[34minfo[0m	register swagger handler
[GIN-VUE-ADMIN]2022/10/04 - 10:42:11.938	[34minfo[0m	router register success
[GIN-VUE-ADMIN]2022/10/04 - 10:42:11.954	[34minfo[0m	server run success on 	{"address": ":8888"}
[GIN-VUE-ADMIN]2022/10/04 - 11:13:25.266	[34minfo[0m	register table success
[GIN-VUE-ADMIN]2022/10/04 - 11:13:25.272	[34minfo[0m	use middleware logger
[GIN-VUE-ADMIN]2022/10/04 - 11:13:25.272	[34minfo[0m	use middleware cors
[GIN-VUE-ADMIN]2022/10/04 - 11:13:25.273	[34minfo[0m	register swagger handler
[GIN-VUE-ADMIN]2022/10/04 - 11:13:25.277	[34minfo[0m	router register success
[GIN-VUE-ADMIN]2022/10/04 - 11:13:25.285	[34minfo[0m	server run success on 	{"address": ":8888"}
[GIN-VUE-ADMIN]2022/10/04 - 16:01:42.131	[34minfo[0m	register table success
[GIN-VUE-ADMIN]2022/10/04 - 16:01:42.137	[34minfo[0m	use middleware logger
[GIN-VUE-ADMIN]2022/10/04 - 16:01:42.137	[34minfo[0m	use middleware cors
[GIN-VUE-ADMIN]2022/10/04 - 16:01:42.138	[34minfo[0m	register swagger handler
[GIN-VUE-ADMIN]2022/10/04 - 16:01:42.141	[34minfo[0m	router register success
[GIN-VUE-ADMIN]2022/10/04 - 16:01:42.142	[34minfo[0m	server run success on 	{"address": ":8888"}
[GIN-VUE-ADMIN]2022/10/04 - 20:09:40.225	[34minfo[0m	register table success
[GIN-VUE-ADMIN]2022/10/04 - 20:09:40.230	[34minfo[0m	use middleware logger
[GIN-VUE-ADMIN]2022/10/04 - 20:09:40.230	[34minfo[0m	use middleware cors
[GIN-VUE-ADMIN]2022/10/04 - 20:09:40.230	[34minfo[0m	register swagger handler
[GIN-VUE-ADMIN]2022/10/04 - 20:09:40.245	[34minfo[0m	router register success
[GIN-VUE-ADMIN]2022/10/04 - 20:09:40.254	[34minfo[0m	server run success on 	{"address": ":8888"}
