[GIN-VUE-ADMIN]2022/10/03 - 00:06:03.897	[34minfo[0m	register table success
[GIN-VUE-ADMIN]2022/10/03 - 00:06:03.903	[34minfo[0m	use middleware logger
[GIN-VUE-ADMIN]2022/10/03 - 00:06:03.903	[34minfo[0m	use middleware cors
[GIN-VUE-ADMIN]2022/10/03 - 00:06:03.903	[34minfo[0m	register swagger handler
[GIN-VUE-ADMIN]2022/10/03 - 00:06:03.912	[34minfo[0m	router register success
[GIN-VUE-ADMIN]2022/10/03 - 00:06:03.912	[34minfo[0m	server run success on 	{"address": ":8888"}
[GIN-VUE-ADMIN]2022/10/03 - 00:07:25.269	[34minfo[0m	register table success
[GIN-VUE-ADMIN]2022/10/03 - 00:07:25.273	[34minfo[0m	use middleware logger
[GIN-VUE-ADMIN]2022/10/03 - 00:07:25.275	[34minfo[0m	use middleware cors
[GIN-VUE-ADMIN]2022/10/03 - 00:07:25.275	[34minfo[0m	register swagger handler
[GIN-VUE-ADMIN]2022/10/03 - 00:07:25.280	[34minfo[0m	router register success
[GIN-VUE-ADMIN]2022/10/03 - 00:07:25.291	[34minfo[0m	server run success on 	{"address": ":8888"}
[GIN-VUE-ADMIN]2022/10/03 - 00:08:36.685	[34minfo[0m	register table success
[GIN-VUE-ADMIN]2022/10/03 - 00:08:36.690	[34minfo[0m	use middleware logger
[GIN-VUE-ADMIN]2022/10/03 - 00:08:36.690	[34minfo[0m	use middleware cors
[GIN-VUE-ADMIN]2022/10/03 - 00:08:36.691	[34minfo[0m	register swagger handler
[GIN-VUE-ADMIN]2022/10/03 - 00:08:36.696	[34minfo[0m	router register success
[GIN-VUE-ADMIN]2022/10/03 - 00:08:36.704	[34minfo[0m	server run success on 	{"address": ":8888"}
[GIN-VUE-ADMIN]2022/10/03 - 09:20:15.536	[34minfo[0m	register table success
[GIN-VUE-ADMIN]2022/10/03 - 09:20:15.541	[34minfo[0m	use middleware logger
[GIN-VUE-ADMIN]2022/10/03 - 09:20:15.541	[34minfo[0m	use middleware cors
[GIN-VUE-ADMIN]2022/10/03 - 09:20:15.542	[34minfo[0m	register swagger handler
[GIN-VUE-ADMIN]2022/10/03 - 09:20:15.555	[34minfo[0m	router register success
[GIN-VUE-ADMIN]2022/10/03 - 09:20:15.556	[34minfo[0m	server run success on 	{"address": ":8888"}
[GIN-VUE-ADMIN]2022/10/03 - 09:39:41.627	[34minfo[0m	register table success
[GIN-VUE-ADMIN]2022/10/03 - 09:39:41.632	[34minfo[0m	use middleware logger
[GIN-VUE-ADMIN]2022/10/03 - 09:39:41.632	[34minfo[0m	use middleware cors
[GIN-VUE-ADMIN]2022/10/03 - 09:39:41.633	[34minfo[0m	register swagger handler
[GIN-VUE-ADMIN]2022/10/03 - 09:39:41.646	[34minfo[0m	router register success
[GIN-VUE-ADMIN]2022/10/03 - 09:39:41.658	[34minfo[0m	server run success on 	{"address": ":8888"}
[GIN-VUE-ADMIN]2022/10/03 - 12:05:36.404	[31merror[0m	ç™»é™†å¤±è´¥! ç”¨æˆ·åä¸å­˜åœ¨æˆ–è€…å¯†ç é”™è¯¯!	{"err": "dial tcp 120.79.202.23:33307: connectex: A socket operation was attempted to an unreachable host."}
[GIN-VUE-ADMIN]2022/10/03 - 12:05:43.678	[31merror[0m	ç™»é™†å¤±è´¥! ç”¨æˆ·åä¸å­˜åœ¨æˆ–è€…å¯†ç é”™è¯¯!	{"err": "dial tcp 120.79.202.23:33307: connectex: A socket operation was attempted to an unreachable host."}
[GIN-VUE-ADMIN]2022/10/03 - 12:05:56.042	[31merror[0m	ç™»é™†å¤±è´¥! ç”¨æˆ·åä¸å­˜åœ¨æˆ–è€…å¯†ç é”™è¯¯!	{"err": "dial tcp 120.79.202.23:33307: connectex: A socket operation was attempted to an unreachable host."}
[GIN-VUE-ADMIN]2022/10/03 - 12:06:24.091	[31merror[0m	ç™»é™†å¤±è´¥! ç”¨æˆ·åä¸å­˜åœ¨æˆ–è€…å¯†ç é”™è¯¯!	{"err": "dial tcp 120.79.202.23:33307: connectex: A socket operation was attempted to an unreachable host."}
[GIN-VUE-ADMIN]2022/10/03 - 12:08:55.793	[31merror[0m	ç™»é™†å¤±è´¥! ç”¨æˆ·åä¸å­˜åœ¨æˆ–è€…å¯†ç é”™è¯¯!	{"err": "dial tcp 120.79.202.23:33307: connectex: A socket operation was attempted to an unreachable host."}
[GIN-VUE-ADMIN]2022/10/03 - 12:09:10.590	[31merror[0m	ç™»é™†å¤±è´¥! ç”¨æˆ·åä¸å­˜åœ¨æˆ–è€…å¯†ç é”™è¯¯!	{"err": "dial tcp 120.79.202.23:33307: connectex: A socket operation was attempted to an unreachable host."}
[GIN-VUE-ADMIN]2022/10/03 - 17:53:42.778	[34minfo[0m	register table success
[GIN-VUE-ADMIN]2022/10/03 - 17:53:42.781	[34minfo[0m	use middleware logger
[GIN-VUE-ADMIN]2022/10/03 - 17:53:42.781	[34minfo[0m	use middleware cors
[GIN-VUE-ADMIN]2022/10/03 - 17:53:42.782	[34minfo[0m	register swagger handler
[GIN-VUE-ADMIN]2022/10/03 - 17:53:42.788	[34minfo[0m	router register success
[GIN-VUE-ADMIN]2022/10/03 - 17:53:42.797	[34minfo[0m	server run success on 	{"address": ":8888"}
[GIN-VUE-ADMIN]2022/10/03 - 18:51:54.411	[31merror[0m	ç™»é™†å¤±è´¥! ç”¨æˆ·åä¸å­˜åœ¨æˆ–è€…å¯†ç é”™è¯¯!	{"err": "dial tcp 120.79.202.23:33307: connectex: A socket operation was attempted to an unreachable host."}
[GIN-VUE-ADMIN]2022/10/03 - 19:09:51.769	[34minfo[0m	register table success
[GIN-VUE-ADMIN]2022/10/03 - 19:09:51.774	[34minfo[0m	use middleware logger
[GIN-VUE-ADMIN]2022/10/03 - 19:09:51.774	[34minfo[0m	use middleware cors
[GIN-VUE-ADMIN]2022/10/03 - 19:09:51.775	[34minfo[0m	register swagger handler
[GIN-VUE-ADMIN]2022/10/03 - 19:09:51.779	[34minfo[0m	router register success
[GIN-VUE-ADMIN]2022/10/03 - 19:09:51.787	[34minfo[0m	server run success on 	{"address": ":8888"}
[GIN-VUE-ADMIN]2022/10/03 - 19:10:47.303	[34minfo[0m	register table success
[GIN-VUE-ADMIN]2022/10/03 - 19:10:47.307	[34minfo[0m	use middleware logger
[GIN-VUE-ADMIN]2022/10/03 - 19:10:47.307	[34minfo[0m	use middleware cors
[GIN-VUE-ADMIN]2022/10/03 - 19:10:47.307	[34minfo[0m	register swagger handler
[GIN-VUE-ADMIN]2022/10/03 - 19:10:47.315	[34minfo[0m	router register success
[GIN-VUE-ADMIN]2022/10/03 - 19:10:47.325	[34minfo[0m	server run success on 	{"address": ":8888"}
[GIN-VUE-ADMIN]2022/10/03 - 20:13:02.320	[34minfo[0m	register table success
[GIN-VUE-ADMIN]2022/10/03 - 20:13:02.327	[34minfo[0m	use middleware logger
[GIN-VUE-ADMIN]2022/10/03 - 20:13:02.327	[34minfo[0m	use middleware cors
[GIN-VUE-ADMIN]2022/10/03 - 20:13:02.328	[34minfo[0m	register swagger handler
[GIN-VUE-ADMIN]2022/10/03 - 20:13:02.352	[34minfo[0m	router register success
[GIN-VUE-ADMIN]2022/10/03 - 20:13:02.357	[34minfo[0m	server run success on 	{"address": ":8888"}
[GIN-VUE-ADMIN]2022/10/03 - 20:26:55.488	[34minfo[0m	register table success
[GIN-VUE-ADMIN]2022/10/03 - 20:26:55.494	[34minfo[0m	use middleware logger
[GIN-VUE-ADMIN]2022/10/03 - 20:26:55.494	[34minfo[0m	use middleware cors
[GIN-VUE-ADMIN]2022/10/03 - 20:26:55.495	[34minfo[0m	register swagger handler
[GIN-VUE-ADMIN]2022/10/03 - 20:26:55.513	[34minfo[0m	router register success
[GIN-VUE-ADMIN]2022/10/03 - 20:26:55.514	[34minfo[0m	server run success on 	{"address": ":8888"}
[GIN-VUE-ADMIN]2022/10/03 - 20:34:48.773	[34minfo[0m	register table success
[GIN-VUE-ADMIN]2022/10/03 - 20:34:48.777	[34minfo[0m	use middleware logger
[GIN-VUE-ADMIN]2022/10/03 - 20:34:48.778	[34minfo[0m	use middleware cors
[GIN-VUE-ADMIN]2022/10/03 - 20:34:48.779	[34minfo[0m	register swagger handler
[GIN-VUE-ADMIN]2022/10/03 - 20:34:48.794	[34minfo[0m	router register success
[GIN-VUE-ADMIN]2022/10/03 - 20:34:48.806	[34minfo[0m	server run success on 	{"address": ":8888"}
[GIN-VUE-ADMIN]2022/10/03 - 20:44:43.814	[34minfo[0m	register table success
[GIN-VUE-ADMIN]2022/10/03 - 20:44:43.820	[34minfo[0m	use middleware logger
[GIN-VUE-ADMIN]2022/10/03 - 20:44:43.821	[34minfo[0m	use middleware cors
[GIN-VUE-ADMIN]2022/10/03 - 20:44:43.821	[34minfo[0m	register swagger handler
[GIN-VUE-ADMIN]2022/10/03 - 20:44:43.841	[34minfo[0m	router register success
[GIN-VUE-ADMIN]2022/10/03 - 20:44:43.844	[34minfo[0m	server run success on 	{"address": ":8888"}
[GIN-VUE-ADMIN]2022/10/03 - 21:44:04.692	[34minfo[0m	register table success
[GIN-VUE-ADMIN]2022/10/03 - 21:44:04.697	[34minfo[0m	use middleware logger
[GIN-VUE-ADMIN]2022/10/03 - 21:44:04.697	[34minfo[0m	use middleware cors
[GIN-VUE-ADMIN]2022/10/03 - 21:44:04.698	[34minfo[0m	register swagger handler
[GIN-VUE-ADMIN]2022/10/03 - 21:44:04.713	[34minfo[0m	router register success
[GIN-VUE-ADMIN]2022/10/03 - 21:44:04.729	[34minfo[0m	server run success on 	{"address": ":8888"}
[GIN-VUE-ADMIN]2022/10/03 - 22:30:34.612	[34minfo[0m	register table success
[GIN-VUE-ADMIN]2022/10/03 - 22:30:34.617	[34minfo[0m	use middleware logger
[GIN-VUE-ADMIN]2022/10/03 - 22:30:34.617	[34minfo[0m	use middleware cors
[GIN-VUE-ADMIN]2022/10/03 - 22:30:34.617	[34minfo[0m	register swagger handler
[GIN-VUE-ADMIN]2022/10/03 - 22:30:34.633	[34minfo[0m	router register success
[GIN-VUE-ADMIN]2022/10/03 - 22:30:34.643	[34minfo[0m	server run success on 	{"address": ":8888"}
[GIN-VUE-ADMIN]2022/10/03 - 22:32:19.726	[34minfo[0m	register table success
[GIN-VUE-ADMIN]2022/10/03 - 22:32:19.730	[34minfo[0m	use middleware logger
[GIN-VUE-ADMIN]2022/10/03 - 22:32:19.731	[34minfo[0m	use middleware cors
[GIN-VUE-ADMIN]2022/10/03 - 22:32:19.731	[34minfo[0m	register swagger handler
[GIN-VUE-ADMIN]2022/10/03 - 22:32:19.744	[34minfo[0m	router register success
[GIN-VUE-ADMIN]2022/10/03 - 22:32:19.747	[34minfo[0m	server run success on 	{"address": ":8888"}
[GIN-VUE-ADMIN]2022/10/03 - 22:34:05.163	[34minfo[0m	register table success
[GIN-VUE-ADMIN]2022/10/03 - 22:34:05.167	[34minfo[0m	use middleware logger
[GIN-VUE-ADMIN]2022/10/03 - 22:34:05.167	[34minfo[0m	use middleware cors
[GIN-VUE-ADMIN]2022/10/03 - 22:34:05.168	[34minfo[0m	register swagger handler
[GIN-VUE-ADMIN]2022/10/03 - 22:34:05.173	[34minfo[0m	router register success
[GIN-VUE-ADMIN]2022/10/03 - 22:34:05.188	[34minfo[0m	server run success on 	{"address": ":8888"}
[GIN-VUE-ADMIN]2022/10/03 - 22:35:34.741	[34minfo[0m	register table success
[GIN-VUE-ADMIN]2022/10/03 - 22:35:34.745	[34minfo[0m	use middleware logger
[GIN-VUE-ADMIN]2022/10/03 - 22:35:34.745	[34minfo[0m	use middleware cors
[GIN-VUE-ADMIN]2022/10/03 - 22:35:34.745	[34minfo[0m	register swagger handler
[GIN-VUE-ADMIN]2022/10/03 - 22:35:34.753	[34minfo[0m	router register success
[GIN-VUE-ADMIN]2022/10/03 - 22:35:34.764	[34minfo[0m	server run success on 	{"address": ":8888"}
[GIN-VUE-ADMIN]2022/10/03 - 22:59:45.525	[34minfo[0m	register table success
[GIN-VUE-ADMIN]2022/10/03 - 22:59:45.530	[34minfo[0m	use middleware logger
[GIN-VUE-ADMIN]2022/10/03 - 22:59:45.530	[34minfo[0m	use middleware cors
[GIN-VUE-ADMIN]2022/10/03 - 22:59:45.530	[34minfo[0m	register swagger handler
[GIN-VUE-ADMIN]2022/10/03 - 22:59:45.534	[34minfo[0m	router register success
[GIN-VUE-ADMIN]2022/10/03 - 22:59:45.541	[34minfo[0m	server run success on 	{"address": ":8888"}
